<?xml version="1.0" encoding="UTF-8"?>
<!-- Generated by org.testng.reporters.JUnitReportReporter -->
<testsuite hostname="DESKTOP-SSNQ87O" failures="0" tests="1" name="testCases.TC002_LoginTest" time="2.764" errors="0" timestamp="2024-12-21T13:33:06 IST" skipped="0">
  <testcase classname="testCases.TC002_LoginTest" name="verify_login" time="2.764"/>
</testsuite> <!-- testCases.TC002_LoginTest -->
